<?xml version="1.0" encoding="UTF-8"?>
<coverage generated="1673563845491" clover="3.2.0">
  <project timestamp="1673563845492" name="All files">
    <metrics statements="306" coveredstatements="305" conditionals="94" coveredconditionals="91" methods="56" coveredmethods="55" elements="456" coveredelements="451" complexity="0" loc="306" ncloc="306" packages="5" files="14" classes="14"/>
    <package name="express-jobly">
      <metrics statements="50" coveredstatements="49" conditionals="20" coveredconditionals="17" methods="8" coveredmethods="7"/>
      <file name="app.js" path="/home/daniel/rithm/exercises/express-jobly/app.js">
        <metrics statements="24" coveredstatements="24" conditionals="4" coveredconditionals="4" methods="2" coveredmethods="2"/>
        <line num="5" count="4" type="stmt"/>
        <line num="6" count="4" type="stmt"/>
        <line num="8" count="4" type="stmt"/>
        <line num="10" count="4" type="stmt"/>
        <line num="11" count="4" type="stmt"/>
        <line num="12" count="4" type="stmt"/>
        <line num="13" count="4" type="stmt"/>
        <line num="15" count="4" type="stmt"/>
        <line num="17" count="4" type="stmt"/>
        <line num="19" count="4" type="stmt"/>
        <line num="20" count="4" type="stmt"/>
        <line num="21" count="4" type="stmt"/>
        <line num="22" count="4" type="stmt"/>
        <line num="24" count="4" type="stmt"/>
        <line num="25" count="4" type="stmt"/>
        <line num="26" count="4" type="stmt"/>
        <line num="30" count="4" type="stmt"/>
        <line num="31" count="2" type="stmt"/>
        <line num="35" count="4" type="stmt"/>
        <line num="36" count="56" type="cond" truecount="2" falsecount="0"/>
        <line num="37" count="56" type="cond" truecount="2" falsecount="0"/>
        <line num="38" count="56" type="stmt"/>
        <line num="40" count="56" type="stmt"/>
        <line num="45" count="4" type="stmt"/>
      </file>
      <file name="config.js" path="/home/daniel/rithm/exercises/express-jobly/config.js">
        <metrics statements="13" coveredstatements="13" conditionals="12" coveredconditionals="11" methods="1" coveredmethods="1"/>
        <line num="5" count="9" type="stmt"/>
        <line num="6" count="9" type="stmt"/>
        <line num="8" count="9" type="cond" truecount="2" falsecount="0"/>
        <line num="10" count="9" type="cond" truecount="2" falsecount="0"/>
        <line num="14" count="18" type="cond" truecount="2" falsecount="0"/>
        <line num="22" count="9" type="cond" truecount="2" falsecount="0"/>
        <line num="24" count="9" type="stmt"/>
        <line num="25" count="9" type="stmt"/>
        <line num="26" count="9" type="stmt"/>
        <line num="27" count="9" type="stmt"/>
        <line num="28" count="9" type="stmt"/>
        <line num="29" count="9" type="stmt"/>
        <line num="31" count="9" type="stmt"/>
      </file>
      <file name="db.js" path="/home/daniel/rithm/exercises/express-jobly/db.js">
        <metrics statements="5" coveredstatements="5" conditionals="0" coveredconditionals="0" methods="0" coveredmethods="0"/>
        <line num="5" count="6" type="stmt"/>
        <line num="6" count="6" type="stmt"/>
        <line num="8" count="6" type="stmt"/>
        <line num="12" count="6" type="stmt"/>
        <line num="14" count="6" type="stmt"/>
      </file>
      <file name="expressError.js" path="/home/daniel/rithm/exercises/express-jobly/expressError.js">
        <metrics statements="8" coveredstatements="7" conditionals="4" coveredconditionals="2" methods="5" coveredmethods="4"/>
        <line num="9" count="70" type="stmt"/>
        <line num="10" count="70" type="stmt"/>
        <line num="11" count="70" type="stmt"/>
        <line num="19" count="14" type="stmt"/>
        <line num="27" count="38" type="stmt"/>
        <line num="35" count="18" type="stmt"/>
        <line num="43" count="0" type="stmt"/>
        <line num="47" count="8" type="stmt"/>
      </file>
    </package>
    <package name="express-jobly.helpers">
      <metrics statements="28" coveredstatements="28" conditionals="16" coveredconditionals="16" methods="5" coveredmethods="5"/>
      <file name="sql.js" path="/home/daniel/rithm/exercises/express-jobly/helpers/sql.js">
        <metrics statements="22" coveredstatements="22" conditionals="14" coveredconditionals="14" methods="4" coveredmethods="4"/>
        <line num="1" count="7" type="stmt"/>
        <line num="21" count="16" type="stmt"/>
        <line num="22" count="16" type="stmt"/>
        <line num="23" count="16" type="cond" truecount="2" falsecount="0"/>
        <line num="26" count="14" type="stmt"/>
        <line num="27" count="28" type="cond" truecount="2" falsecount="0"/>
        <line num="30" count="14" type="stmt"/>
        <line num="55" count="10" type="cond" truecount="2" falsecount="0"/>
        <line num="56" count="5" type="stmt"/>
        <line num="59" count="10" type="stmt"/>
        <line num="61" count="10" type="cond" truecount="2" falsecount="0"/>
        <line num="63" count="9" type="stmt"/>
        <line num="64" count="12" type="stmt"/>
        <line num="66" count="12" type="cond" truecount="2" falsecount="0"/>
        <line num="67" count="5" type="stmt"/>
        <line num="70" count="12" type="cond" truecount="2" falsecount="0"/>
        <line num="71" count="3" type="stmt"/>
        <line num="74" count="12" type="cond" truecount="2" falsecount="0"/>
        <line num="75" count="4" type="stmt"/>
        <line num="78" count="12" type="stmt"/>
        <line num="82" count="9" type="stmt"/>
        <line num="88" count="7" type="stmt"/>
      </file>
      <file name="tokens.js" path="/home/daniel/rithm/exercises/express-jobly/helpers/tokens.js">
        <metrics statements="6" coveredstatements="6" conditionals="2" coveredconditionals="2" methods="1" coveredmethods="1"/>
        <line num="1" count="5" type="stmt"/>
        <line num="2" count="5" type="stmt"/>
        <line num="7" count="16" type="stmt"/>
        <line num="10" count="16" type="stmt"/>
        <line num="15" count="16" type="stmt"/>
        <line num="18" count="5" type="stmt"/>
      </file>
    </package>
    <package name="express-jobly.middleware">
      <metrics statements="18" coveredstatements="18" conditionals="14" coveredconditionals="14" methods="4" coveredmethods="4"/>
      <file name="auth.js" path="/home/daniel/rithm/exercises/express-jobly/middleware/auth.js">
        <metrics statements="18" coveredstatements="18" conditionals="14" coveredconditionals="14" methods="4" coveredmethods="4"/>
        <line num="5" count="5" type="stmt"/>
        <line num="6" count="5" type="stmt"/>
        <line num="7" count="5" type="stmt"/>
        <line num="19" count="83" type="stmt"/>
        <line num="20" count="83" type="cond" truecount="2" falsecount="0"/>
        <line num="21" count="83" type="cond" truecount="2" falsecount="0"/>
        <line num="22" count="47" type="stmt"/>
        <line num="23" count="47" type="stmt"/>
        <line num="25" count="82" type="stmt"/>
        <line num="27" count="1" type="stmt"/>
        <line num="39" count="59" type="cond" truecount="2" falsecount="0"/>
        <line num="40" count="43" type="stmt"/>
        <line num="47" count="31" type="cond" truecount="4" falsecount="0"/>
        <line num="49" count="17" type="stmt"/>
        <line num="57" count="15" type="cond" truecount="4" falsecount="0"/>
        <line num="58" count="4" type="stmt"/>
        <line num="61" count="11" type="stmt"/>
        <line num="67" count="5" type="stmt"/>
      </file>
    </package>
    <package name="express-jobly.models">
      <metrics statements="84" coveredstatements="84" conditionals="24" coveredconditionals="24" methods="16" coveredmethods="16"/>
      <file name="_testCommon.js" path="/home/daniel/rithm/exercises/express-jobly/models/_testCommon.js">
        <metrics statements="11" coveredstatements="11" conditionals="0" coveredconditionals="0" methods="4" coveredmethods="4"/>
        <line num="1" count="2" type="stmt"/>
        <line num="3" count="2" type="stmt"/>
        <line num="4" count="2" type="stmt"/>
        <line num="8" count="2" type="stmt"/>
        <line num="10" count="2" type="stmt"/>
        <line num="12" count="2" type="stmt"/>
        <line num="18" count="2" type="stmt"/>
        <line num="34" count="31" type="stmt"/>
        <line num="38" count="31" type="stmt"/>
        <line num="42" count="2" type="stmt"/>
        <line num="46" count="2" type="stmt"/>
      </file>
      <file name="company.js" path="/home/daniel/rithm/exercises/express-jobly/models/company.js">
        <metrics statements="33" coveredstatements="33" conditionals="10" coveredconditionals="10" methods="6" coveredmethods="6"/>
        <line num="3" count="5" type="stmt"/>
        <line num="4" count="5" type="stmt"/>
        <line num="5" count="5" type="stmt"/>
        <line num="20" count="13" type="stmt"/>
        <line num="26" count="13" type="cond" truecount="2" falsecount="0"/>
        <line num="27" count="1" type="stmt"/>
        <line num="29" count="12" type="stmt"/>
        <line num="47" count="12" type="stmt"/>
        <line num="49" count="12" type="stmt"/>
        <line num="58" count="5" type="stmt"/>
        <line num="66" count="4" type="stmt"/>
        <line num="78" count="10" type="stmt"/>
        <line num="80" count="10" type="cond" truecount="2" falsecount="0"/>
        <line num="81" count="1" type="stmt"/>
        <line num="84" count="9" type="stmt"/>
        <line num="93" count="9" type="stmt"/>
        <line num="102" count="9" type="stmt"/>
        <line num="105" count="9" type="stmt"/>
        <line num="119" count="5" type="stmt"/>
        <line num="129" count="5" type="stmt"/>
        <line num="131" count="5" type="cond" truecount="2" falsecount="0"/>
        <line num="133" count="3" type="stmt"/>
        <line num="149" count="6" type="stmt"/>
        <line num="155" count="5" type="stmt"/>
        <line num="157" count="5" type="stmt"/>
        <line num="162" count="5" type="stmt"/>
        <line num="163" count="5" type="stmt"/>
        <line num="165" count="5" type="cond" truecount="2" falsecount="0"/>
        <line num="167" count="3" type="stmt"/>
        <line num="176" count="4" type="stmt"/>
        <line num="182" count="4" type="stmt"/>
        <line num="184" count="4" type="cond" truecount="2" falsecount="0"/>
        <line num="189" count="5" type="stmt"/>
      </file>
      <file name="user.js" path="/home/daniel/rithm/exercises/express-jobly/models/user.js">
        <metrics statements="40" coveredstatements="40" conditionals="14" coveredconditionals="14" methods="6" coveredmethods="6"/>
        <line num="3" count="5" type="stmt"/>
        <line num="4" count="5" type="stmt"/>
        <line num="5" count="5" type="stmt"/>
        <line num="10" count="5" type="stmt"/>
        <line num="12" count="5" type="stmt"/>
        <line num="26" count="7" type="stmt"/>
        <line num="38" count="7" type="stmt"/>
        <line num="40" count="7" type="cond" truecount="2" falsecount="0"/>
        <line num="42" count="4" type="stmt"/>
        <line num="43" count="4" type="cond" truecount="2" falsecount="0"/>
        <line num="44" count="3" type="stmt"/>
        <line num="45" count="3" type="stmt"/>
        <line num="49" count="4" type="stmt"/>
        <line num="61" count="19" type="stmt"/>
        <line num="68" count="19" type="cond" truecount="2" falsecount="0"/>
        <line num="69" count="1" type="stmt"/>
        <line num="72" count="18" type="stmt"/>
        <line num="74" count="18" type="stmt"/>
        <line num="94" count="18" type="stmt"/>
        <line num="96" count="18" type="stmt"/>
        <line num="105" count="3" type="stmt"/>
        <line num="115" count="2" type="stmt"/>
        <line num="127" count="5" type="stmt"/>
        <line num="138" count="5" type="stmt"/>
        <line num="140" count="5" type="cond" truecount="2" falsecount="0"/>
        <line num="142" count="3" type="stmt"/>
        <line num="163" count="8" type="cond" truecount="2" falsecount="0"/>
        <line num="164" count="2" type="stmt"/>
        <line num="167" count="8" type="stmt"/>
        <line num="174" count="7" type="stmt"/>
        <line num="176" count="7" type="stmt"/>
        <line num="184" count="7" type="stmt"/>
        <line num="185" count="7" type="stmt"/>
        <line num="187" count="7" type="cond" truecount="2" falsecount="0"/>
        <line num="189" count="5" type="stmt"/>
        <line num="190" count="5" type="stmt"/>
        <line num="196" count="5" type="stmt"/>
        <line num="203" count="5" type="stmt"/>
        <line num="205" count="5" type="cond" truecount="2" falsecount="0"/>
        <line num="210" count="5" type="stmt"/>
      </file>
    </package>
    <package name="express-jobly.routes">
      <metrics statements="126" coveredstatements="126" conditionals="20" coveredconditionals="20" methods="23" coveredmethods="23"/>
      <file name="_testCommon.js" path="/home/daniel/rithm/exercises/express-jobly/routes/_testCommon.js">
        <metrics statements="20" coveredstatements="20" conditionals="0" coveredconditionals="0" methods="4" coveredmethods="4"/>
        <line num="3" count="3" type="stmt"/>
        <line num="4" count="3" type="stmt"/>
        <line num="5" count="3" type="stmt"/>
        <line num="6" count="3" type="stmt"/>
        <line num="10" count="3" type="stmt"/>
        <line num="12" count="3" type="stmt"/>
        <line num="14" count="3" type="stmt"/>
        <line num="22" count="3" type="stmt"/>
        <line num="30" count="3" type="stmt"/>
        <line num="39" count="3" type="stmt"/>
        <line num="47" count="3" type="stmt"/>
        <line num="55" count="3" type="stmt"/>
        <line num="63" count="3" type="stmt"/>
        <line num="74" count="78" type="stmt"/>
        <line num="78" count="78" type="stmt"/>
        <line num="82" count="3" type="stmt"/>
        <line num="86" count="3" type="stmt"/>
        <line num="87" count="3" type="stmt"/>
        <line num="88" count="3" type="stmt"/>
        <line num="91" count="3" type="stmt"/>
      </file>
      <file name="auth.js" path="/home/daniel/rithm/exercises/express-jobly/routes/auth.js">
        <metrics statements="27" coveredstatements="27" conditionals="4" coveredconditionals="4" methods="4" coveredmethods="4"/>
        <line num="5" count="4" type="stmt"/>
        <line num="7" count="4" type="stmt"/>
        <line num="8" count="4" type="stmt"/>
        <line num="9" count="4" type="stmt"/>
        <line num="10" count="4" type="stmt"/>
        <line num="11" count="4" type="stmt"/>
        <line num="12" count="4" type="stmt"/>
        <line num="13" count="4" type="stmt"/>
        <line num="14" count="4" type="stmt"/>
        <line num="23" count="4" type="stmt"/>
        <line num="24" count="5" type="stmt"/>
        <line num="29" count="5" type="cond" truecount="2" falsecount="0"/>
        <line num="30" count="2" type="stmt"/>
        <line num="31" count="2" type="stmt"/>
        <line num="34" count="3" type="stmt"/>
        <line num="35" count="3" type="stmt"/>
        <line num="36" count="1" type="stmt"/>
        <line num="37" count="1" type="stmt"/>
        <line num="50" count="4" type="stmt"/>
        <line num="51" count="3" type="stmt"/>
        <line num="56" count="3" type="cond" truecount="2" falsecount="0"/>
        <line num="57" count="5" type="stmt"/>
        <line num="58" count="2" type="stmt"/>
        <line num="61" count="1" type="stmt"/>
        <line num="62" count="1" type="stmt"/>
        <line num="63" count="1" type="stmt"/>
        <line num="67" count="4" type="stmt"/>
      </file>
      <file name="companies.js" path="/home/daniel/rithm/exercises/express-jobly/routes/companies.js">
        <metrics statements="45" coveredstatements="45" conditionals="12" coveredconditionals="12" methods="8" coveredmethods="8"/>
        <line num="5" count="4" type="stmt"/>
        <line num="6" count="4" type="stmt"/>
        <line num="8" count="4" type="stmt"/>
        <line num="9" count="4" type="stmt"/>
        <line num="10" count="4" type="stmt"/>
        <line num="11" count="4" type="stmt"/>
        <line num="13" count="4" type="stmt"/>
        <line num="14" count="4" type="stmt"/>
        <line num="15" count="4" type="stmt"/>
        <line num="17" count="4" type="stmt"/>
        <line num="29" count="4" type="stmt"/>
        <line num="30" count="3" type="stmt"/>
        <line num="35" count="3" type="cond" truecount="2" falsecount="0"/>
        <line num="36" count="3" type="stmt"/>
        <line num="37" count="2" type="stmt"/>
        <line num="40" count="1" type="stmt"/>
        <line num="41" count="1" type="stmt"/>
        <line num="58" count="4" type="stmt"/>
        <line num="65" count="10" type="stmt"/>
        <line num="67" count="10" type="cond" truecount="2" falsecount="0"/>
        <line num="69" count="6" type="cond" truecount="2" falsecount="0"/>
        <line num="70" count="3" type="stmt"/>
        <line num="73" count="6" type="cond" truecount="2" falsecount="0"/>
        <line num="74" count="2" type="stmt"/>
        <line num="77" count="6" type="stmt"/>
        <line num="83" count="6" type="cond" truecount="2" falsecount="0"/>
        <line num="84" count="1" type="stmt"/>
        <line num="85" count="1" type="stmt"/>
        <line num="88" count="5" type="stmt"/>
        <line num="90" count="4" type="stmt"/>
        <line num="93" count="7" type="stmt"/>
        <line num="104" count="4" type="stmt"/>
        <line num="105" count="3" type="stmt"/>
        <line num="106" count="2" type="stmt"/>
        <line num="120" count="4" type="stmt"/>
        <line num="121" count="4" type="stmt"/>
        <line num="126" count="4" type="cond" truecount="2" falsecount="0"/>
        <line num="127" count="2" type="stmt"/>
        <line num="128" count="2" type="stmt"/>
        <line num="131" count="2" type="stmt"/>
        <line num="132" count="1" type="stmt"/>
        <line num="140" count="4" type="stmt"/>
        <line num="141" count="2" type="stmt"/>
        <line num="142" count="1" type="stmt"/>
        <line num="146" count="4" type="stmt"/>
      </file>
      <file name="users.js" path="/home/daniel/rithm/exercises/express-jobly/routes/users.js">
        <metrics statements="34" coveredstatements="34" conditionals="4" coveredconditionals="4" methods="7" coveredmethods="7"/>
        <line num="5" count="4" type="stmt"/>
        <line num="7" count="4" type="stmt"/>
        <line num="8" count="4" type="stmt"/>
        <line num="9" count="4" type="stmt"/>
        <line num="10" count="4" type="stmt"/>
        <line num="11" count="4" type="stmt"/>
        <line num="12" count="4" type="stmt"/>
        <line num="13" count="4" type="stmt"/>
        <line num="16" count="4" type="stmt"/>
        <line num="32" count="4" type="stmt"/>
        <line num="33" count="4" type="stmt"/>
        <line num="38" count="4" type="cond" truecount="2" falsecount="0"/>
        <line num="39" count="5" type="stmt"/>
        <line num="40" count="2" type="stmt"/>
        <line num="43" count="2" type="stmt"/>
        <line num="44" count="2" type="stmt"/>
        <line num="45" count="2" type="stmt"/>
        <line num="56" count="4" type="stmt"/>
        <line num="57" count="2" type="stmt"/>
        <line num="58" count="1" type="stmt"/>
        <line num="69" count="4" type="stmt"/>
        <line num="72" count="3" type="stmt"/>
        <line num="73" count="2" type="stmt"/>
        <line num="87" count="4" type="stmt"/>
        <line num="88" count="5" type="stmt"/>
        <line num="93" count="5" type="cond" truecount="2" falsecount="0"/>
        <line num="94" count="1" type="stmt"/>
        <line num="95" count="1" type="stmt"/>
        <line num="98" count="4" type="stmt"/>
        <line num="99" count="3" type="stmt"/>
        <line num="109" count="4" type="stmt"/>
        <line num="110" count="3" type="stmt"/>
        <line num="111" count="2" type="stmt"/>
        <line num="115" count="4" type="stmt"/>
      </file>
    </package>
  </project>
</coverage>
