TN:
SF:app.js
FN:30,(anonymous_0)
FN:35,(anonymous_1)
FNF:2
FNH:2
FNDA:2,(anonymous_0)
FNDA:56,(anonymous_1)
DA:5,4
DA:6,4
DA:8,4
DA:10,4
DA:11,4
DA:12,4
DA:13,4
DA:15,4
DA:17,4
DA:19,4
DA:20,4
DA:21,4
DA:22,4
DA:24,4
DA:25,4
DA:26,4
DA:30,4
DA:31,2
DA:35,4
DA:36,56
DA:37,56
DA:38,56
DA:40,56
DA:45,4
LF:24
LH:24
BRDA:36,0,0,1
BRDA:36,0,1,55
BRDA:37,1,0,56
BRDA:37,1,1,2
BRF:4
BRH:4
end_of_record
TN:
SF:config.js
FN:13,getDatabaseUri
FNF:1
FNH:1
FNDA:18,getDatabaseUri
DA:5,9
DA:6,9
DA:8,9
DA:10,9
DA:14,18
DA:22,9
DA:24,9
DA:25,9
DA:26,9
DA:27,9
DA:28,9
DA:29,9
DA:31,9
LF:13
LH:13
BRDA:8,0,0,9
BRDA:8,0,1,8
BRDA:10,1,0,9
BRDA:10,1,1,8
BRDA:14,2,0,15
BRDA:14,2,1,3
BRDA:15,3,0,15
BRDA:15,3,1,0
BRDA:16,4,0,3
BRDA:16,4,1,1
BRDA:22,5,0,8
BRDA:22,5,1,1
BRF:12
BRH:11
end_of_record
TN:
SF:db.js
FNF:0
FNH:0
DA:5,6
DA:6,6
DA:8,6
DA:12,6
DA:14,6
LF:5
LH:5
BRF:0
BRH:0
end_of_record
TN:
SF:expressError.js
FN:8,(anonymous_0)
FN:18,(anonymous_1)
FN:26,(anonymous_2)
FN:34,(anonymous_3)
FN:42,(anonymous_4)
FNF:5
FNH:4
FNDA:70,(anonymous_0)
FNDA:14,(anonymous_1)
FNDA:38,(anonymous_2)
FNDA:18,(anonymous_3)
FNDA:0,(anonymous_4)
DA:9,70
DA:10,70
DA:11,70
DA:19,14
DA:27,38
DA:35,18
DA:43,0
DA:47,8
LF:8
LH:7
BRDA:18,0,0,2
BRDA:26,1,0,34
BRDA:34,2,0,0
BRDA:42,3,0,0
BRF:4
BRH:2
end_of_record
TN:
SF:helpers/sql.js
FN:20,sqlForPartialUpdate
FN:26,(anonymous_1)
FN:53,sqlForFilter
FN:63,(anonymous_3)
FNF:4
FNH:4
FNDA:16,sqlForPartialUpdate
FNDA:28,(anonymous_1)
FNDA:10,sqlForFilter
FNDA:12,(anonymous_3)
DA:1,7
DA:21,16
DA:22,16
DA:23,16
DA:26,14
DA:27,28
DA:30,14
DA:55,10
DA:56,5
DA:59,10
DA:61,10
DA:63,9
DA:64,12
DA:66,12
DA:67,5
DA:70,12
DA:71,3
DA:74,12
DA:75,4
DA:78,12
DA:82,9
DA:88,7
LF:22
LH:22
BRDA:23,0,0,2
BRDA:23,0,1,14
BRDA:27,1,0,28
BRDA:27,1,1,11
BRDA:55,2,0,5
BRDA:55,2,1,5
BRDA:61,3,0,1
BRDA:61,3,1,9
BRDA:66,4,0,5
BRDA:66,4,1,7
BRDA:70,5,0,3
BRDA:70,5,1,9
BRDA:74,6,0,4
BRDA:74,6,1,8
BRF:14
BRH:14
end_of_record
TN:
SF:helpers/tokens.js
FN:6,createToken
FNF:1
FNH:1
FNDA:16,createToken
DA:1,5
DA:2,5
DA:7,16
DA:10,16
DA:15,16
DA:18,5
LF:6
LH:6
BRDA:12,0,0,16
BRDA:12,0,1,11
BRF:2
BRH:2
end_of_record
TN:
SF:middleware/auth.js
FN:18,authenticateJWT
FN:38,ensureLoggedIn
FN:46,ensureAdminUser
FN:56,ensureUserOrAdmin
FNF:4
FNH:4
FNDA:83,authenticateJWT
FNDA:59,ensureLoggedIn
FNDA:31,ensureAdminUser
FNDA:15,ensureUserOrAdmin
DA:5,5
DA:6,5
DA:7,5
DA:19,83
DA:20,83
DA:21,83
DA:22,47
DA:23,47
DA:25,82
DA:27,1
DA:39,59
DA:40,43
DA:47,31
DA:49,17
DA:57,15
DA:58,4
DA:61,11
DA:67,5
LF:18
LH:18
BRDA:20,0,0,83
BRDA:20,0,1,82
BRDA:21,1,0,47
BRDA:21,1,1,36
BRDA:39,2,0,16
BRDA:39,2,1,43
BRDA:47,3,0,14
BRDA:47,3,1,17
BRDA:47,4,0,31
BRDA:47,4,1,29
BRDA:57,5,0,4
BRDA:57,5,1,11
BRDA:57,6,0,15
BRDA:57,6,1,10
BRF:14
BRH:14
end_of_record
TN:
SF:models/_testCommon.js
FN:6,commonBeforeAll
FN:33,commonBeforeEach
FN:37,commonAfterEach
FN:41,commonAfterAll
FNF:4
FNH:4
FNDA:2,commonBeforeAll
FNDA:31,commonBeforeEach
FNDA:31,commonAfterEach
FNDA:2,commonAfterAll
DA:1,2
DA:3,2
DA:4,2
DA:8,2
DA:10,2
DA:12,2
DA:18,2
DA:34,31
DA:38,31
DA:42,2
DA:46,2
LF:11
LH:11
BRF:0
BRH:0
end_of_record
TN:
SF:models/company.js
FN:19,(anonymous_0)
FN:57,(anonymous_1)
FN:76,(anonymous_2)
FN:118,(anonymous_3)
FN:148,(anonymous_4)
FN:175,(anonymous_5)
FNF:6
FNH:6
FNDA:13,(anonymous_0)
FNDA:5,(anonymous_1)
FNDA:10,(anonymous_2)
FNDA:5,(anonymous_3)
FNDA:6,(anonymous_4)
FNDA:4,(anonymous_5)
DA:3,5
DA:4,5
DA:5,5
DA:20,13
DA:26,13
DA:27,1
DA:29,12
DA:47,12
DA:49,12
DA:58,5
DA:66,4
DA:78,10
DA:80,10
DA:81,1
DA:84,9
DA:93,9
DA:102,9
DA:105,9
DA:119,5
DA:129,5
DA:131,5
DA:133,3
DA:149,6
DA:155,5
DA:157,5
DA:162,5
DA:163,5
DA:165,5
DA:167,3
DA:176,4
DA:182,4
DA:184,4
DA:189,5
LF:33
LH:33
BRDA:26,0,0,1
BRDA:26,0,1,12
BRDA:80,1,0,1
BRDA:80,1,1,9
BRDA:131,2,0,2
BRDA:131,2,1,3
BRDA:165,3,0,2
BRDA:165,3,1,3
BRDA:184,4,0,2
BRDA:184,4,1,2
BRF:10
BRH:10
end_of_record
TN:
SF:models/user.js
FN:24,(anonymous_0)
FN:59,(anonymous_1)
FN:104,(anonymous_2)
FN:126,(anonymous_3)
FN:162,(anonymous_4)
FN:195,(anonymous_5)
FNF:6
FNH:6
FNDA:7,(anonymous_0)
FNDA:19,(anonymous_1)
FNDA:3,(anonymous_2)
FNDA:5,(anonymous_3)
FNDA:8,(anonymous_4)
FNDA:5,(anonymous_5)
DA:3,5
DA:4,5
DA:5,5
DA:10,5
DA:12,5
DA:26,7
DA:38,7
DA:40,7
DA:42,4
DA:43,4
DA:44,3
DA:45,3
DA:49,4
DA:61,19
DA:68,19
DA:69,1
DA:72,18
DA:74,18
DA:94,18
DA:96,18
DA:105,3
DA:115,2
DA:127,5
DA:138,5
DA:140,5
DA:142,3
DA:163,8
DA:164,2
DA:167,8
DA:174,7
DA:176,7
DA:184,7
DA:185,7
DA:187,7
DA:189,5
DA:190,5
DA:196,5
DA:203,5
DA:205,5
DA:210,5
LF:40
LH:40
BRDA:40,0,0,4
BRDA:40,0,1,3
BRDA:43,1,0,3
BRDA:43,1,1,1
BRDA:68,2,0,1
BRDA:68,2,1,18
BRDA:140,3,0,2
BRDA:140,3,1,3
BRDA:163,4,0,2
BRDA:163,4,1,6
BRDA:187,5,0,2
BRDA:187,5,1,5
BRDA:205,6,0,2
BRDA:205,6,1,3
BRF:14
BRH:14
end_of_record
TN:
SF:routes/_testCommon.js
FN:8,commonBeforeAll
FN:73,commonBeforeEach
FN:77,commonAfterEach
FN:81,commonAfterAll
FNF:4
FNH:4
FNDA:3,commonBeforeAll
FNDA:78,commonBeforeEach
FNDA:78,commonAfterEach
FNDA:3,commonAfterAll
DA:3,3
DA:4,3
DA:5,3
DA:6,3
DA:10,3
DA:12,3
DA:14,3
DA:22,3
DA:30,3
DA:39,3
DA:47,3
DA:55,3
DA:63,3
DA:74,78
DA:78,78
DA:82,3
DA:86,3
DA:87,3
DA:88,3
DA:91,3
LF:20
LH:20
BRF:0
BRH:0
end_of_record
TN:
SF:routes/auth.js
FN:23,(anonymous_0)
FN:30,(anonymous_1)
FN:50,(anonymous_2)
FN:57,(anonymous_3)
FNF:4
FNH:4
FNDA:5,(anonymous_0)
FNDA:2,(anonymous_1)
FNDA:3,(anonymous_2)
FNDA:5,(anonymous_3)
DA:5,4
DA:7,4
DA:8,4
DA:9,4
DA:10,4
DA:11,4
DA:12,4
DA:13,4
DA:14,4
DA:23,4
DA:24,5
DA:29,5
DA:30,2
DA:31,2
DA:34,3
DA:35,3
DA:36,1
DA:37,1
DA:50,4
DA:51,3
DA:56,3
DA:57,5
DA:58,2
DA:61,1
DA:62,1
DA:63,1
DA:67,4
LF:27
LH:27
BRDA:29,0,0,2
BRDA:29,0,1,3
BRDA:56,1,0,2
BRDA:56,1,1,1
BRF:4
BRH:4
end_of_record
TN:
SF:routes/companies.js
FN:29,(anonymous_0)
FN:36,(anonymous_1)
FN:58,(anonymous_2)
FN:84,(anonymous_3)
FN:104,(anonymous_4)
FN:120,(anonymous_5)
FN:127,(anonymous_6)
FN:140,(anonymous_7)
FNF:8
FNH:8
FNDA:3,(anonymous_0)
FNDA:3,(anonymous_1)
FNDA:10,(anonymous_2)
FNDA:1,(anonymous_3)
FNDA:3,(anonymous_4)
FNDA:4,(anonymous_5)
FNDA:2,(anonymous_6)
FNDA:2,(anonymous_7)
DA:5,4
DA:6,4
DA:8,4
DA:9,4
DA:10,4
DA:11,4
DA:13,4
DA:14,4
DA:15,4
DA:17,4
DA:29,4
DA:30,3
DA:35,3
DA:36,3
DA:37,2
DA:40,1
DA:41,1
DA:58,4
DA:65,10
DA:67,10
DA:69,6
DA:70,3
DA:73,6
DA:74,2
DA:77,6
DA:83,6
DA:84,1
DA:85,1
DA:88,5
DA:90,4
DA:93,7
DA:104,4
DA:105,3
DA:106,2
DA:120,4
DA:121,4
DA:126,4
DA:127,2
DA:128,2
DA:131,2
DA:132,1
DA:140,4
DA:141,2
DA:142,1
DA:146,4
LF:45
LH:45
BRDA:35,0,0,2
BRDA:35,0,1,1
BRDA:67,1,0,6
BRDA:67,1,1,4
BRDA:69,2,0,3
BRDA:69,2,1,3
BRDA:73,3,0,2
BRDA:73,3,1,4
BRDA:83,4,0,1
BRDA:83,4,1,5
BRDA:126,5,0,2
BRDA:126,5,1,2
BRF:12
BRH:12
end_of_record
TN:
SF:routes/users.js
FN:32,(anonymous_0)
FN:39,(anonymous_1)
FN:56,(anonymous_2)
FN:69,(anonymous_3)
FN:87,(anonymous_4)
FN:94,(anonymous_5)
FN:109,(anonymous_6)
FNF:7
FNH:7
FNDA:4,(anonymous_0)
FNDA:5,(anonymous_1)
FNDA:2,(anonymous_2)
FNDA:3,(anonymous_3)
FNDA:5,(anonymous_4)
FNDA:1,(anonymous_5)
FNDA:3,(anonymous_6)
DA:5,4
DA:7,4
DA:8,4
DA:9,4
DA:10,4
DA:11,4
DA:12,4
DA:13,4
DA:16,4
DA:32,4
DA:33,4
DA:38,4
DA:39,5
DA:40,2
DA:43,2
DA:44,2
DA:45,2
DA:56,4
DA:57,2
DA:58,1
DA:69,4
DA:72,3
DA:73,2
DA:87,4
DA:88,5
DA:93,5
DA:94,1
DA:95,1
DA:98,4
DA:99,3
DA:109,4
DA:110,3
DA:111,2
DA:115,4
LF:34
LH:34
BRDA:38,0,0,2
BRDA:38,0,1,2
BRDA:93,1,0,1
BRDA:93,1,1,4
BRF:4
BRH:4
end_of_record
